<?xml version="1.0" encoding="UTF-8"?>
<!-- Generated by org.testng.reporters.JUnitReportReporter -->
<testsuite hostname="LAPTOP-MHS54LCC" failures="0" tests="1" name="test.first" time="50.044" errors="0" timestamp="2020-08-18T15:09:00 EDT" skipped="0">
  <testcase classname="test.first" name="negativeLogin1" time="50.044"/>
  <system-out/>
</testsuite> <!-- test.first -->
